фев 12, 2021 9:32:32 PM by.itacademy.service.UserOperation userCheck
WARNING: No value present
java.util.NoSuchElementException: No value present
	at java.util.Optional.get(Optional.java:135)
	at by.itacademy.service.UserOperation.userCheck(UserOperation.java:33)
	at by.itacademy.controller.MenuOperation.logIn(MenuOperation.java:24)
	at by.itacademy.controller.MainMenu.run(MainMenu.java:42)
	at by.itacademy.Main.main(Main.java:12)

фев 12, 2021 9:35:12 PM by.itacademy.service.UserOperation userCheck
WARNING: No value present
java.util.NoSuchElementException: No value present
	at java.util.Optional.get(Optional.java:135)
	at by.itacademy.service.UserOperation.userCheck(UserOperation.java:33)
	at by.itacademy.controller.MenuOperation.logIn(MenuOperation.java:24)
	at by.itacademy.controller.MainMenu.run(MainMenu.java:42)
	at by.itacademy.Main.main(Main.java:12)

фев 12, 2021 9:35:19 PM by.itacademy.service.UserOperation userCheck
WARNING: No value present
java.util.NoSuchElementException: No value present
	at java.util.Optional.get(Optional.java:135)
	at by.itacademy.service.UserOperation.userCheck(UserOperation.java:33)
	at by.itacademy.controller.MenuOperation.logIn(MenuOperation.java:24)
	at by.itacademy.controller.MainMenu.run(MainMenu.java:38)
	at by.itacademy.Main.main(Main.java:12)

фев 12, 2021 9:35:29 PM by.itacademy.service.UserOperation userCheck
WARNING: No value present
java.util.NoSuchElementException: No value present
	at java.util.Optional.get(Optional.java:135)
	at by.itacademy.service.UserOperation.userCheck(UserOperation.java:33)
	at by.itacademy.controller.MenuOperation.logIn(MenuOperation.java:24)
	at by.itacademy.controller.MainMenu.run(MainMenu.java:42)
	at by.itacademy.Main.main(Main.java:12)

фев 12, 2021 9:35:51 PM by.itacademy.controller.MenuOperation register
INFO: User Pupkin has been successfully registered
фев 12, 2021 9:36:04 PM by.itacademy.controller.MenuOperation logIn
INFO: User Pupkin has successfully logged in
фев 12, 2021 9:36:04 PM by.itacademy.controller.ViewerMenu run
INFO: "Main menu" has been opened
фев 12, 2021 9:36:17 PM by.itacademy.controller.ViewerMenu run
INFO: User has checked tickets
фев 12, 2021 9:36:17 PM by.itacademy.controller.ViewerMenu run
INFO: "Main menu" has been opened
фев 12, 2021 9:36:22 PM by.itacademy.controller.ViewerMenu run
INFO: User Pupkin has logged out
фев 12, 2021 9:36:31 PM by.itacademy.controller.MenuOperation logIn
INFO: User Admin has successfully logged in
фев 12, 2021 9:36:31 PM by.itacademy.controller.AdminMenu run
INFO: "Main menu" has been opened
фев 12, 2021 9:36:37 PM by.itacademy.controller.MenuOperation showUsers
INFO: "Show all users" menu has been opened
фев 12, 2021 9:36:37 PM by.itacademy.controller.MenuOperation deleteUser
INFO: "Delete user" menu has been opened
фев 12, 2021 9:47:57 PM by.itacademy.service.UserOperation deleteUser
INFO: User Pupkin has been deleted
фев 12, 2021 9:49:20 PM by.itacademy.controller.MenuOperation register
INFO: User Pupkin has been successfully registered
фев 12, 2021 9:49:39 PM by.itacademy.controller.MenuOperation logIn
INFO: User Pupkin has successfully logged in
фев 12, 2021 9:49:39 PM by.itacademy.controller.ViewerMenu run
INFO: "Main menu" has been opened
фев 12, 2021 9:49:44 PM by.itacademy.controller.ViewerMenu run
INFO: User has checked tickets
фев 12, 2021 9:49:44 PM by.itacademy.controller.ViewerMenu run
INFO: "Main menu" has been opened
фев 12, 2021 9:49:48 PM by.itacademy.controller.MenuOperation buyTicket
INFO: "Buy ticket" menu has been entered
фев 12, 2021 9:49:52 PM by.itacademy.controller.MenuOperation buyTicket
INFO: Movie show with id = 6 has been chosen
фев 12, 2021 9:49:57 PM by.itacademy.controller.MenuOperation buyTicket
INFO: Ticket with id = 87 has been chosen
фев 12, 2021 9:49:57 PM by.itacademy.controller.MenuOperation buyTicket
INFO: Ticket for movie show 6 with id = 87 has been successfully bought
фев 12, 2021 9:49:57 PM by.itacademy.controller.ViewerMenu run
INFO: "Main menu" has been opened
фев 12, 2021 9:50:33 PM by.itacademy.controller.ViewerMenu run
INFO: User has checked tickets
фев 12, 2021 9:50:33 PM by.itacademy.controller.ViewerMenu run
INFO: "Main menu" has been opened
фев 12, 2021 9:50:52 PM by.itacademy.controller.ViewerMenu run
INFO: User Pupkin has logged out
фев 12, 2021 9:50:59 PM by.itacademy.controller.MenuOperation logIn
INFO: User Admin has successfully logged in
фев 12, 2021 9:50:59 PM by.itacademy.controller.AdminMenu run
INFO: "Main menu" has been opened
фев 12, 2021 9:51:07 PM by.itacademy.controller.MenuOperation showUsers
INFO: "Show all users" menu has been opened
фев 12, 2021 9:51:07 PM by.itacademy.controller.MenuOperation deleteUser
INFO: "Delete user" menu has been opened
фев 12, 2021 9:51:12 PM by.itacademy.service.UserOperation deleteUser
INFO: User Pupkin has been deleted
фев 12, 2021 9:51:12 PM by.itacademy.controller.AdminMenu run
INFO: "Main menu" has been opened
фев 12, 2021 9:51:31 PM by.itacademy.controller.AdminMenu run
INFO: User Admin has logged out
фев 13, 2021 12:32:53 AM by.itacademy.service.UserOperation userCheck
WARNING: No value present
java.util.NoSuchElementException: No value present
	at java.util.Optional.get(Optional.java:135)
	at by.itacademy.service.UserOperation.userCheck(UserOperation.java:33)
	at by.itacademy.controller.MenuOperation.logIn(MenuOperation.java:24)
	at by.itacademy.controller.MainMenu.run(MainMenu.java:42)
	at by.itacademy.Main.main(Main.java:12)

фев 13, 2021 12:32:58 AM by.itacademy.service.UserOperation userCheck
WARNING: No value present
java.util.NoSuchElementException: No value present
	at java.util.Optional.get(Optional.java:135)
	at by.itacademy.service.UserOperation.userCheck(UserOperation.java:33)
	at by.itacademy.controller.MenuOperation.logIn(MenuOperation.java:24)
	at by.itacademy.controller.MainMenu.run(MainMenu.java:42)
	at by.itacademy.Main.main(Main.java:12)

фев 13, 2021 12:33:11 AM by.itacademy.controller.MenuOperation logIn
INFO: User Admin has successfully logged in
фев 13, 2021 12:33:11 AM by.itacademy.controller.AdminMenu run
INFO: "Main menu" has been opened
фев 13, 2021 12:33:18 AM by.itacademy.controller.MenuOperation showUsers
INFO: "Show all users" menu has been opened
фев 13, 2021 12:33:18 AM by.itacademy.controller.AdminMenu run
INFO: "Main menu" has been opened
фев 13, 2021 12:33:44 AM by.itacademy.controller.AdminMenu run
INFO: User Admin has logged out
фев 13, 2021 12:33:55 AM by.itacademy.controller.MenuOperation logIn
INFO: User Viewer has successfully logged in
фев 13, 2021 12:33:55 AM by.itacademy.controller.ViewerMenu run
INFO: "Main menu" has been opened
фев 13, 2021 12:33:57 AM by.itacademy.controller.ViewerMenu run
INFO: User has checked list of events
фев 13, 2021 12:33:57 AM by.itacademy.controller.ViewerMenu run
INFO: "Main menu" has been opened
фев 13, 2021 12:34:14 AM by.itacademy.controller.ViewerMenu run
INFO: User Viewer has logged out
фев 13, 2021 12:37:55 PM by.itacademy.controller.MenuOperation register
INFO: User Ivan has been successfully registered
фев 13, 2021 12:38:17 PM by.itacademy.controller.MenuOperation logIn
INFO: User Ivan has successfully logged in
фев 13, 2021 12:38:17 PM by.itacademy.controller.ViewerMenu run
INFO: "Main menu" has been opened
фев 13, 2021 12:38:23 PM by.itacademy.controller.ViewerMenu run
INFO: User has checked list of events
фев 13, 2021 12:38:23 PM by.itacademy.controller.ViewerMenu run
INFO: "Main menu" has been opened
фев 13, 2021 12:38:28 PM by.itacademy.controller.MenuOperation buyTicket
INFO: "Buy ticket" menu has been entered
фев 13, 2021 12:39:24 PM by.itacademy.controller.MenuOperation buyTicket
INFO: Movie show with id = 7 has been chosen
фев 13, 2021 12:39:38 PM by.itacademy.controller.MenuOperation buyTicket
INFO: Ticket with id = 92 has been chosen
фев 13, 2021 12:39:38 PM by.itacademy.controller.MenuOperation buyTicket
INFO: Ticket for movie show 7 with id = 92 has been successfully bought
фев 13, 2021 12:39:38 PM by.itacademy.controller.ViewerMenu run
INFO: "Main menu" has been opened
фев 13, 2021 12:39:42 PM by.itacademy.controller.ViewerMenu run
INFO: User has checked tickets
фев 13, 2021 12:39:42 PM by.itacademy.controller.ViewerMenu run
INFO: "Main menu" has been opened
фев 13, 2021 12:39:49 PM by.itacademy.controller.MenuOperation buyTicket
INFO: "Buy ticket" menu has been entered
фев 13, 2021 12:39:54 PM by.itacademy.controller.MenuOperation buyTicket
INFO: Movie show with id = fgksf has been chosen
фев 13, 2021 12:39:54 PM by.itacademy.service.MovieShowOperation checkMovieShow
WARNING: For input string: "fgksf"
java.lang.NumberFormatException: For input string: "fgksf"
	at java.lang.NumberFormatException.forInputString(NumberFormatException.java:65)
	at java.lang.Integer.parseInt(Integer.java:580)
	at java.lang.Integer.parseInt(Integer.java:615)
	at by.itacademy.service.MovieShowOperation.lambda$checkMovieShow$0(MovieShowOperation.java:83)
	at java.util.stream.ReferencePipeline$2$1.accept(ReferencePipeline.java:174)
	at java.util.ArrayList$ArrayListSpliterator.tryAdvance(ArrayList.java:1361)
	at java.util.stream.ReferencePipeline.forEachWithCancel(ReferencePipeline.java:126)
	at java.util.stream.AbstractPipeline.copyIntoWithCancel(AbstractPipeline.java:499)
	at java.util.stream.AbstractPipeline.copyInto(AbstractPipeline.java:486)
	at java.util.stream.AbstractPipeline.wrapAndCopyInto(AbstractPipeline.java:472)
	at java.util.stream.FindOps$FindOp.evaluateSequential(FindOps.java:152)
	at java.util.stream.AbstractPipeline.evaluate(AbstractPipeline.java:234)
	at java.util.stream.ReferencePipeline.findFirst(ReferencePipeline.java:464)
	at by.itacademy.service.MovieShowOperation.checkMovieShow(MovieShowOperation.java:83)
	at by.itacademy.controller.MenuOperation.buyTicket(MenuOperation.java:175)
	at by.itacademy.controller.ViewerMenu.run(ViewerMenu.java:26)
	at by.itacademy.controller.MainMenu.run(MainMenu.java:32)
	at by.itacademy.Main.main(Main.java:12)

фев 13, 2021 12:39:54 PM by.itacademy.controller.MenuOperation buyTicket
INFO: Movie show with id = fgksf doesn't exist
фев 13, 2021 12:39:54 PM by.itacademy.controller.ViewerMenu run
INFO: "Main menu" has been opened
фев 13, 2021 12:40:01 PM by.itacademy.controller.MenuOperation buyTicket
INFO: "Buy ticket" menu has been entered
фев 13, 2021 12:40:21 PM by.itacademy.controller.MenuOperation buyTicket
INFO: Movie show with id = 9 has been chosen
фев 13, 2021 12:40:24 PM by.itacademy.controller.MenuOperation buyTicket
INFO: Ticket with id = 10 has been chosen
фев 13, 2021 12:40:24 PM by.itacademy.service.TicketOperation buyTicket
WARNING: No value present
java.util.NoSuchElementException: No value present
	at java.util.Optional.get(Optional.java:135)
	at by.itacademy.service.TicketOperation.buyTicket(TicketOperation.java:40)
	at by.itacademy.controller.MenuOperation.buyTicket(MenuOperation.java:187)
	at by.itacademy.controller.ViewerMenu.run(ViewerMenu.java:26)
	at by.itacademy.controller.MainMenu.run(MainMenu.java:32)
	at by.itacademy.Main.main(Main.java:12)

фев 13, 2021 12:40:24 PM by.itacademy.controller.MenuOperation buyTicket
INFO: Ticket for movie show 9 with id = 10 has been successfully bought
фев 13, 2021 12:40:24 PM by.itacademy.controller.ViewerMenu run
INFO: "Main menu" has been opened
фев 13, 2021 12:40:46 PM by.itacademy.controller.ViewerMenu run
INFO: User Ivan has logged out
фев 13, 2021 12:41:01 PM by.itacademy.controller.MenuOperation logIn
INFO: User Admin has successfully logged in
фев 13, 2021 12:41:01 PM by.itacademy.controller.AdminMenu run
INFO: "Main menu" has been opened
фев 13, 2021 12:41:32 PM by.itacademy.controller.MenuOperation register
INFO: User Vasya has been successfully registered
фев 13, 2021 12:41:32 PM by.itacademy.controller.AdminMenu run
INFO: "Main menu" has been opened
фев 13, 2021 12:41:56 PM by.itacademy.controller.MenuOperation register
INFO: User Olya has been successfully registered
фев 13, 2021 12:41:56 PM by.itacademy.controller.AdminMenu run
INFO: "Main menu" has been opened
фев 13, 2021 12:42:08 PM by.itacademy.controller.MenuOperation showUsers
INFO: "Show all users" menu has been opened
фев 13, 2021 12:42:09 PM by.itacademy.controller.AdminMenu run
INFO: "Main menu" has been opened
фев 13, 2021 12:42:51 PM by.itacademy.controller.MenuOperation showUsers
INFO: "Show all users" menu has been opened
фев 13, 2021 12:42:51 PM by.itacademy.controller.MenuOperation deleteUser
INFO: "Delete user" menu has been opened
фев 13, 2021 12:43:06 PM by.itacademy.service.UserOperation deleteUser
INFO: User Olya has been deleted
фев 13, 2021 12:43:06 PM by.itacademy.controller.AdminMenu run
INFO: "Main menu" has been opened
фев 13, 2021 12:43:10 PM by.itacademy.controller.MenuOperation showUsers
INFO: "Show all users" menu has been opened
фев 13, 2021 12:43:10 PM by.itacademy.controller.AdminMenu run
INFO: "Main menu" has been opened
фев 13, 2021 12:43:15 PM by.itacademy.controller.AdminMenu run
INFO: User Admin has logged out
