фев 12, 2021 9:13:15 PM by.itacademy.controller.MenuOperation logIn
INFO: User Viewer has successfully logged in
фев 12, 2021 9:13:15 PM by.itacademy.controller.ViewerMenu run
INFO: "Main menu" has been opened
фев 12, 2021 9:13:18 PM by.itacademy.controller.ViewerMenu run
INFO: User Viewer has logged out
фев 12, 2021 9:13:35 PM by.itacademy.controller.MenuOperation logIn
INFO: User Pupkin has successfully logged in
фев 12, 2021 9:13:35 PM by.itacademy.controller.ViewerMenu run
INFO: "Main menu" has been opened
фев 12, 2021 9:13:40 PM by.itacademy.controller.ViewerMenu run
INFO: User has checked list of events
фев 12, 2021 9:13:40 PM by.itacademy.controller.ViewerMenu run
INFO: "Main menu" has been opened
фев 12, 2021 9:13:43 PM by.itacademy.controller.ViewerMenu run
INFO: User has checked tickets
фев 12, 2021 9:13:43 PM by.itacademy.controller.ViewerMenu run
INFO: "Main menu" has been opened
фев 12, 2021 9:15:29 PM by.itacademy.controller.ViewerMenu run
INFO: User Pupkin has logged out
фев 12, 2021 9:15:37 PM by.itacademy.controller.MenuOperation logIn
INFO: User Admin has successfully logged in
фев 12, 2021 9:15:37 PM by.itacademy.controller.AdminMenu run
INFO: "Main menu" has been opened
фев 12, 2021 9:15:42 PM by.itacademy.controller.MenuOperation showUsers
INFO: "Show all users" menu has been opened
фев 12, 2021 9:15:42 PM by.itacademy.controller.MenuOperation deleteUser
INFO: "Delete user" menu has been opened
фев 13, 2021 12:33:55 AM by.itacademy.controller.MenuOperation logIn
INFO: User Viewer has successfully logged in
фев 13, 2021 12:33:55 AM by.itacademy.controller.ViewerMenu run
INFO: "Main menu" has been opened
фев 13, 2021 12:33:57 AM by.itacademy.controller.ViewerMenu run
INFO: User has checked list of events
фев 13, 2021 12:33:57 AM by.itacademy.controller.ViewerMenu run
INFO: "Main menu" has been opened
фев 13, 2021 12:34:14 AM by.itacademy.controller.ViewerMenu run
INFO: User Viewer has logged out
